<?xml version="1.0" encoding="UTF-8"?>
<!-- Generated by org.testng.reporters.JUnitReportReporter -->
<testsuite hostname="SKYNET" failures="0" tests="1" name="tests.ShoppingCartTest" time="28.157" errors="0" timestamp="2025-03-20T16:39:14 BOT" skipped="0">
  <testcase classname="tests.ShoppingCartTest" name="testShoppingCart" time="28.157"/>
  <system-out/>
</testsuite> <!-- tests.ShoppingCartTest -->
